-----------------------------------------------------------------------------------------------
      /api/registration - POST - 1:51:34 PM
      Illegal arguments: undefined, string
-----------------------------------------------------------------------------------------------
 
-----------------------------------------------------------------------------------------------
      /api/registration - POST - 1:52:21 PM
      Illegal arguments: undefined, string
-----------------------------------------------------------------------------------------------
 
-----------------------------------------------------------------------------------------------
      /api/registration - POST - 1:52:21 PM
      Illegal arguments: undefined, string
-----------------------------------------------------------------------------------------------
 
-----------------------------------------------------------------------------------------------
      /api/registration - POST - 1:52:51 PM
      Illegal arguments: undefined, string
-----------------------------------------------------------------------------------------------
 
-----------------------------------------------------------------------------------------------
      /api/registration - POST - 1:52:52 PM
      Illegal arguments: undefined, string
-----------------------------------------------------------------------------------------------
 
-----------------------------------------------------------------------------------------------
      /api/registration - POST - 1:52:52 PM
      Illegal arguments: undefined, string
-----------------------------------------------------------------------------------------------
 
-----------------------------------------------------------------------------------------------
      /api/registration - POST - 1:52:53 PM
      Illegal arguments: undefined, string
-----------------------------------------------------------------------------------------------
 
-----------------------------------------------------------------------------------------------
      /api/registration - POST - 1:53:00 PM
      Illegal arguments: undefined, string
-----------------------------------------------------------------------------------------------
 
-----------------------------------------------------------------------------------------------
      /api/registration - POST - 1:53:11 PM
      Illegal arguments: undefined, string
-----------------------------------------------------------------------------------------------
 
-----------------------------------------------------------------------------------------------
      /api/registration - POST - 1:54:18 PM
      Invalid login: 535-5.7.8 Username and Password not accepted. Learn more at
535 5.7.8  https://support.google.com/mail/?p=BadCredentials mn1-20020a17090b188100b001e2f383110bsm13902325pjb.11 - gsmtp
-----------------------------------------------------------------------------------------------
 
-----------------------------------------------------------------------------------------------
      /api/registration - POST - 2:01:31 PM
      Invalid login: 535-5.7.8 Username and Password not accepted. Learn more at
535 5.7.8  https://support.google.com/mail/?p=BadCredentials bt19-20020a056a00439300b0050dc76281f8sm1623150pfb.210 - gsmtp
-----------------------------------------------------------------------------------------------
 
-----------------------------------------------------------------------------------------------
      /api/registration - POST - 2:04:14 PM
      Illegal arguments: object, string
-----------------------------------------------------------------------------------------------
 
-----------------------------------------------------------------------------------------------
      /api/registration - POST - 2:04:55 PM
      Illegal arguments: object, string
-----------------------------------------------------------------------------------------------
 
-----------------------------------------------------------------------------------------------
      /api/registration - POST - 2:08:57 PM
      Illegal arguments: object, string
-----------------------------------------------------------------------------------------------
 
-----------------------------------------------------------------------------------------------
      /api/registration - POST - 2:16:57 PM
      Illegal arguments: object, string
-----------------------------------------------------------------------------------------------
 
-----------------------------------------------------------------------------------------------
      /api/registration - POST - 2:24:55 PM
      user already registered
-----------------------------------------------------------------------------------------------
 
-----------------------------------------------------------------------------------------------
      /api/registration - POST - 2:24:57 PM
      user already registered
-----------------------------------------------------------------------------------------------
 
-----------------------------------------------------------------------------------------------
      /api/registration - POST - 2:24:58 PM
      user already registered
-----------------------------------------------------------------------------------------------
 
-----------------------------------------------------------------------------------------------
      /api/registration - POST - 2:24:58 PM
      user already registered
-----------------------------------------------------------------------------------------------
 
-----------------------------------------------------------------------------------------------
      /api/registration - POST - 2:24:59 PM
      user already registered
-----------------------------------------------------------------------------------------------
 
-----------------------------------------------------------------------------------------------
      /api/registration - POST - 2:24:59 PM
      user already registered
-----------------------------------------------------------------------------------------------
 
-----------------------------------------------------------------------------------------------
      /api/registration - POST - 2:25:12 PM
      user already registered
-----------------------------------------------------------------------------------------------
 
-----------------------------------------------------------------------------------------------
      /api/registration - POST - 2:28:30 PM
      user already registered
-----------------------------------------------------------------------------------------------
 
-----------------------------------------------------------------------------------------------
      /api/registration - POST - 2:29:03 PM
      user already registered
-----------------------------------------------------------------------------------------------
 
-----------------------------------------------------------------------------------------------
      /api/registration - POST - 2:29:50 PM
      user already registered
-----------------------------------------------------------------------------------------------
 
-----------------------------------------------------------------------------------------------
      /api/registration - POST - 2:29:50 PM
      user already registered
-----------------------------------------------------------------------------------------------
 
-----------------------------------------------------------------------------------------------
      /api/registration - POST - 2:29:51 PM
      user already registered
-----------------------------------------------------------------------------------------------
 
-----------------------------------------------------------------------------------------------
      /api/registration - POST - 2:29:51 PM
      user already registered
-----------------------------------------------------------------------------------------------
 
-----------------------------------------------------------------------------------------------
      /api/registration - POST - 2:30:33 PM
      user already registered
-----------------------------------------------------------------------------------------------
 
-----------------------------------------------------------------------------------------------
      /api/registration - POST - 2:30:35 PM
      user already registered
-----------------------------------------------------------------------------------------------
 
-----------------------------------------------------------------------------------------------
      /api/registration - POST - 2:30:36 PM
      user already registered
-----------------------------------------------------------------------------------------------
 
-----------------------------------------------------------------------------------------------
      /api/registration - POST - 2:30:36 PM
      user already registered
-----------------------------------------------------------------------------------------------
 
-----------------------------------------------------------------------------------------------
      /api/registration - POST - 2:31:07 PM
      user already registered
-----------------------------------------------------------------------------------------------
 
-----------------------------------------------------------------------------------------------
      /api/registration - POST - 2:32:22 PM
      user already registered
-----------------------------------------------------------------------------------------------
 
-----------------------------------------------------------------------------------------------
      /api/registration - POST - 2:32:59 PM
      user already registered
-----------------------------------------------------------------------------------------------
 
-----------------------------------------------------------------------------------------------
      /api/login - POST - 2:37:09 PM
      user not register yet
-----------------------------------------------------------------------------------------------
 
-----------------------------------------------------------------------------------------------
      /api/login - POST - 2:37:52 PM
      user not register yet
-----------------------------------------------------------------------------------------------
 
