-----------------------------------------------------------------------------------------------
      undefined - undefined - 6:28:20 PM
      user already registered
-----------------------------------------------------------------------------------------------
 
-----------------------------------------------------------------------------------------------
      undefined - undefined - 6:28:40 PM
      user already registered
-----------------------------------------------------------------------------------------------
 
-----------------------------------------------------------------------------------------------
      undefined - undefined - 6:29:23 PM
      user already registered
-----------------------------------------------------------------------------------------------
 
-----------------------------------------------------------------------------------------------
      undefined - undefined - 6:29:27 PM
      user already registered
-----------------------------------------------------------------------------------------------
 
-----------------------------------------------------------------------------------------------
      undefined - undefined - 6:29:28 PM
      user already registered
-----------------------------------------------------------------------------------------------
 
-----------------------------------------------------------------------------------------------
      undefined - undefined - 6:29:35 PM
      user already registered
-----------------------------------------------------------------------------------------------
 
-----------------------------------------------------------------------------------------------
      /api/registration - POST - 6:29:59 PM
      user already registered
-----------------------------------------------------------------------------------------------
 
-----------------------------------------------------------------------------------------------
      /api/registration - POST - 6:30:43 PM
      user already registered
-----------------------------------------------------------------------------------------------
 
-----------------------------------------------------------------------------------------------
      /api/registration - POST - 6:30:44 PM
      user already registered
-----------------------------------------------------------------------------------------------
 
-----------------------------------------------------------------------------------------------
      undefined - undefined - 6:31:55 PM
      bad auth : Authentication failed.
-----------------------------------------------------------------------------------------------
 
-----------------------------------------------------------------------------------------------
      undefined - undefined - 6:31:56 PM
      bad auth : Authentication failed.
-----------------------------------------------------------------------------------------------
 
-----------------------------------------------------------------------------------------------
      undefined - undefined - 6:31:56 PM
      bad auth : Authentication failed.
-----------------------------------------------------------------------------------------------
 
-----------------------------------------------------------------------------------------------
      undefined - undefined - 6:31:58 PM
      bad auth : Authentication failed.
-----------------------------------------------------------------------------------------------
 
-----------------------------------------------------------------------------------------------
      undefined - undefined - 6:32:00 PM
      bad auth : Authentication failed.
-----------------------------------------------------------------------------------------------
 
-----------------------------------------------------------------------------------------------
      undefined - undefined - 6:32:00 PM
      bad auth : Authentication failed.
-----------------------------------------------------------------------------------------------
 
-----------------------------------------------------------------------------------------------
      undefined - POST - 6:39:36 PM
      user not register yet
-----------------------------------------------------------------------------------------------
 
-----------------------------------------------------------------------------------------------
      /api/login - POST - 6:40:06 PM
      user not register yet
-----------------------------------------------------------------------------------------------
 
-----------------------------------------------------------------------------------------------
      /api/login - POST - 6:41:19 PM
      user not register yet
-----------------------------------------------------------------------------------------------
 
-----------------------------------------------------------------------------------------------
      /api/registration - POST - 6:42:20 PM
      user already registered
-----------------------------------------------------------------------------------------------
 
