-----------------------------------------------------------------------------------------------
      /api/login - POST - 8:16:09 PM
      user not register yet
-----------------------------------------------------------------------------------------------
 
-----------------------------------------------------------------------------------------------
      /api/login - POST - 8:16:12 PM
      user not register yet
-----------------------------------------------------------------------------------------------
 
-----------------------------------------------------------------------------------------------
      /api/login - POST - 8:16:36 PM
      user not register yet
-----------------------------------------------------------------------------------------------
 
-----------------------------------------------------------------------------------------------
      /api/login - POST - 8:17:00 PM
      user not register yet
-----------------------------------------------------------------------------------------------
 
-----------------------------------------------------------------------------------------------
      /api/login - POST - 8:17:19 PM
      user not register yet
-----------------------------------------------------------------------------------------------
 
-----------------------------------------------------------------------------------------------
      /api/login - POST - 8:18:11 PM
      user not register yet
-----------------------------------------------------------------------------------------------
 
-----------------------------------------------------------------------------------------------
      /api/login - POST - 8:18:15 PM
      user not register yet
-----------------------------------------------------------------------------------------------
 
-----------------------------------------------------------------------------------------------
      /api/login - POST - 8:18:19 PM
      user not register yet
-----------------------------------------------------------------------------------------------
 
-----------------------------------------------------------------------------------------------
      /api/login - POST - 8:18:42 PM
      user not register yet
-----------------------------------------------------------------------------------------------
 
-----------------------------------------------------------------------------------------------
      /api/login - POST - 8:19:34 PM
      user not register yet
-----------------------------------------------------------------------------------------------
 
-----------------------------------------------------------------------------------------------
      /api/login - POST - 8:19:36 PM
      user not register yet
-----------------------------------------------------------------------------------------------
 
-----------------------------------------------------------------------------------------------
      /api/login - POST - 8:19:37 PM
      user not register yet
-----------------------------------------------------------------------------------------------
 
-----------------------------------------------------------------------------------------------
      /api/login - POST - 8:19:37 PM
      user not register yet
-----------------------------------------------------------------------------------------------
 
-----------------------------------------------------------------------------------------------
      /api/login - POST - 8:19:38 PM
      user not register yet
-----------------------------------------------------------------------------------------------
 
-----------------------------------------------------------------------------------------------
      /api/login - POST - 8:19:38 PM
      user not register yet
-----------------------------------------------------------------------------------------------
 
-----------------------------------------------------------------------------------------------
      /api/login - POST - 8:19:38 PM
      user not register yet
-----------------------------------------------------------------------------------------------
 
-----------------------------------------------------------------------------------------------
      /api/login - POST - 8:21:11 PM
      user not register yet
-----------------------------------------------------------------------------------------------
 
-----------------------------------------------------------------------------------------------
      /api/login - POST - 8:21:41 PM
      user not register yet
-----------------------------------------------------------------------------------------------
 
-----------------------------------------------------------------------------------------------
      /api/login - POST - 8:22:36 PM
      user not register yet
-----------------------------------------------------------------------------------------------
 
-----------------------------------------------------------------------------------------------
      undefined - undefined - 8:22:44 PM
      bad auth : Authentication failed.
-----------------------------------------------------------------------------------------------
 
-----------------------------------------------------------------------------------------------
      undefined - undefined - 8:22:44 PM
      bad auth : Authentication failed.
-----------------------------------------------------------------------------------------------
 
-----------------------------------------------------------------------------------------------
      undefined - undefined - 9:13:39 PM
      querySrv ECONNREFUSED _mongodb._tcp.cluster0.4ywhd.mongodb.net
-----------------------------------------------------------------------------------------------
 
-----------------------------------------------------------------------------------------------
      undefined - undefined - 9:13:39 PM
      querySrv ECONNREFUSED _mongodb._tcp.cluster0.4ywhd.mongodb.net
-----------------------------------------------------------------------------------------------
 
-----------------------------------------------------------------------------------------------
      undefined - undefined - 9:13:54 PM
      querySrv ECONNREFUSED _mongodb._tcp.cluster0.4ywhd.mongodb.net
-----------------------------------------------------------------------------------------------
 
-----------------------------------------------------------------------------------------------
      undefined - undefined - 9:13:54 PM
      querySrv ECONNREFUSED _mongodb._tcp.cluster0.4ywhd.mongodb.net
-----------------------------------------------------------------------------------------------
 
-----------------------------------------------------------------------------------------------
      undefined - undefined - 9:13:58 PM
      querySrv ECONNREFUSED _mongodb._tcp.cluster0.4ywhd.mongodb.net
-----------------------------------------------------------------------------------------------
 
-----------------------------------------------------------------------------------------------
      undefined - undefined - 9:13:58 PM
      querySrv ECONNREFUSED _mongodb._tcp.cluster0.4ywhd.mongodb.net
-----------------------------------------------------------------------------------------------
 
-----------------------------------------------------------------------------------------------
      undefined - undefined - 9:14:00 PM
      querySrv ECONNREFUSED _mongodb._tcp.cluster0.4ywhd.mongodb.net
-----------------------------------------------------------------------------------------------
 
-----------------------------------------------------------------------------------------------
      undefined - undefined - 9:14:00 PM
      querySrv ECONNREFUSED _mongodb._tcp.cluster0.4ywhd.mongodb.net
-----------------------------------------------------------------------------------------------
 
-----------------------------------------------------------------------------------------------
      undefined - undefined - 9:14:11 PM
      querySrv ECONNREFUSED _mongodb._tcp.cluster0.4ywhd.mongodb.net
-----------------------------------------------------------------------------------------------
 
-----------------------------------------------------------------------------------------------
      undefined - undefined - 9:14:11 PM
      querySrv ECONNREFUSED _mongodb._tcp.cluster0.4ywhd.mongodb.net
-----------------------------------------------------------------------------------------------
 
-----------------------------------------------------------------------------------------------
      undefined - undefined - 9:27:58 PM
      querySrv EREFUSED _mongodb._tcp.cluster0.4ywhd.mongodb.net
-----------------------------------------------------------------------------------------------
 
-----------------------------------------------------------------------------------------------
      undefined - undefined - 9:27:58 PM
      querySrv EREFUSED _mongodb._tcp.cluster0.4ywhd.mongodb.net
-----------------------------------------------------------------------------------------------
 
-----------------------------------------------------------------------------------------------
      undefined - undefined - 9:27:59 PM
      querySrv EREFUSED _mongodb._tcp.cluster0.4ywhd.mongodb.net
-----------------------------------------------------------------------------------------------
 
-----------------------------------------------------------------------------------------------
      undefined - undefined - 9:27:59 PM
      querySrv EREFUSED _mongodb._tcp.cluster0.4ywhd.mongodb.net
-----------------------------------------------------------------------------------------------
 
-----------------------------------------------------------------------------------------------
      undefined - undefined - 9:28:00 PM
      querySrv EREFUSED _mongodb._tcp.cluster0.4ywhd.mongodb.net
-----------------------------------------------------------------------------------------------
 
-----------------------------------------------------------------------------------------------
      undefined - undefined - 9:28:00 PM
      querySrv EREFUSED _mongodb._tcp.cluster0.4ywhd.mongodb.net
-----------------------------------------------------------------------------------------------
 
-----------------------------------------------------------------------------------------------
      undefined - undefined - 9:28:31 PM
      querySrv EREFUSED _mongodb._tcp.cluster0.4ywhd.mongodb.net
-----------------------------------------------------------------------------------------------
 
-----------------------------------------------------------------------------------------------
      undefined - undefined - 9:28:31 PM
      querySrv EREFUSED _mongodb._tcp.cluster0.4ywhd.mongodb.net
-----------------------------------------------------------------------------------------------
 
-----------------------------------------------------------------------------------------------
      undefined - undefined - 9:30:53 PM
      querySrv EREFUSED _mongodb._tcp.cluster0.4ywhd.mongodb.net
-----------------------------------------------------------------------------------------------
 
-----------------------------------------------------------------------------------------------
      undefined - undefined - 9:30:53 PM
      querySrv EREFUSED _mongodb._tcp.cluster0.4ywhd.mongodb.net
-----------------------------------------------------------------------------------------------
 
-----------------------------------------------------------------------------------------------
      undefined - undefined - 9:31:23 PM
      querySrv EREFUSED _mongodb._tcp.cluster0.4ywhd.mongodb.net
-----------------------------------------------------------------------------------------------
 
-----------------------------------------------------------------------------------------------
      undefined - undefined - 9:31:23 PM
      querySrv EREFUSED _mongodb._tcp.cluster0.4ywhd.mongodb.net
-----------------------------------------------------------------------------------------------
 
-----------------------------------------------------------------------------------------------
      undefined - undefined - 9:31:51 PM
      querySrv EREFUSED _mongodb._tcp.cluster0.4ywhd.mongodb.net
-----------------------------------------------------------------------------------------------
 
-----------------------------------------------------------------------------------------------
      undefined - undefined - 9:31:51 PM
      querySrv EREFUSED _mongodb._tcp.cluster0.4ywhd.mongodb.net
-----------------------------------------------------------------------------------------------
 
-----------------------------------------------------------------------------------------------
      undefined - undefined - 9:33:43 PM
      querySrv EREFUSED _mongodb._tcp.cluster0.4ywhd.mongodb.net
-----------------------------------------------------------------------------------------------
 
-----------------------------------------------------------------------------------------------
      undefined - undefined - 9:33:43 PM
      querySrv EREFUSED _mongodb._tcp.cluster0.4ywhd.mongodb.net
-----------------------------------------------------------------------------------------------
 
-----------------------------------------------------------------------------------------------
      undefined - undefined - 9:34:57 PM
      querySrv EREFUSED _mongodb._tcp.cluster0.4ywhd.mongodb.net
-----------------------------------------------------------------------------------------------
 
-----------------------------------------------------------------------------------------------
      undefined - undefined - 9:34:57 PM
      querySrv EREFUSED _mongodb._tcp.cluster0.4ywhd.mongodb.net
-----------------------------------------------------------------------------------------------
 
-----------------------------------------------------------------------------------------------
      undefined - undefined - 9:35:14 PM
      querySrv EREFUSED _mongodb._tcp.cluster0.4ywhd.mongodb.net
-----------------------------------------------------------------------------------------------
 
-----------------------------------------------------------------------------------------------
      undefined - undefined - 9:35:14 PM
      querySrv EREFUSED _mongodb._tcp.cluster0.4ywhd.mongodb.net
-----------------------------------------------------------------------------------------------
 
-----------------------------------------------------------------------------------------------
      undefined - undefined - 9:38:26 PM
      querySrv EREFUSED _mongodb._tcp.cluster0.4ywhd.mongodb.net
-----------------------------------------------------------------------------------------------
 
-----------------------------------------------------------------------------------------------
      undefined - undefined - 9:38:26 PM
      querySrv EREFUSED _mongodb._tcp.cluster0.4ywhd.mongodb.net
-----------------------------------------------------------------------------------------------
 
-----------------------------------------------------------------------------------------------
      undefined - undefined - 9:38:42 PM
      querySrv EREFUSED _mongodb._tcp.cluster0.4ywhd.mongodb.net
-----------------------------------------------------------------------------------------------
 
-----------------------------------------------------------------------------------------------
      undefined - undefined - 9:38:42 PM
      querySrv EREFUSED _mongodb._tcp.cluster0.4ywhd.mongodb.net
-----------------------------------------------------------------------------------------------
 
-----------------------------------------------------------------------------------------------
      undefined - undefined - 9:39:19 PM
      querySrv EREFUSED _mongodb._tcp.cluster0.4ywhd.mongodb.net
-----------------------------------------------------------------------------------------------
 
-----------------------------------------------------------------------------------------------
      undefined - undefined - 9:39:19 PM
      querySrv EREFUSED _mongodb._tcp.cluster0.4ywhd.mongodb.net
-----------------------------------------------------------------------------------------------
 
-----------------------------------------------------------------------------------------------
      undefined - undefined - 9:39:30 PM
      querySrv EREFUSED _mongodb._tcp.cluster0.4ywhd.mongodb.net
-----------------------------------------------------------------------------------------------
 
-----------------------------------------------------------------------------------------------
      undefined - undefined - 9:39:30 PM
      querySrv EREFUSED _mongodb._tcp.cluster0.4ywhd.mongodb.net
-----------------------------------------------------------------------------------------------
 
-----------------------------------------------------------------------------------------------
      undefined - undefined - 9:40:09 PM
      querySrv EREFUSED _mongodb._tcp.cluster0.4ywhd.mongodb.net
-----------------------------------------------------------------------------------------------
 
-----------------------------------------------------------------------------------------------
      undefined - undefined - 9:40:09 PM
      querySrv EREFUSED _mongodb._tcp.cluster0.4ywhd.mongodb.net
-----------------------------------------------------------------------------------------------
 
-----------------------------------------------------------------------------------------------
      undefined - undefined - 9:40:32 PM
      querySrv EREFUSED _mongodb._tcp.cluster0.4ywhd.mongodb.net
-----------------------------------------------------------------------------------------------
 
-----------------------------------------------------------------------------------------------
      undefined - undefined - 9:40:32 PM
      querySrv EREFUSED _mongodb._tcp.cluster0.4ywhd.mongodb.net
-----------------------------------------------------------------------------------------------
 
-----------------------------------------------------------------------------------------------
      undefined - undefined - 9:53:31 PM
      querySrv ECONNREFUSED _mongodb._tcp.cluster0.4ywhd.mongodb.net
-----------------------------------------------------------------------------------------------
 
-----------------------------------------------------------------------------------------------
      undefined - undefined - 9:53:31 PM
      querySrv ECONNREFUSED _mongodb._tcp.cluster0.4ywhd.mongodb.net
-----------------------------------------------------------------------------------------------
 
-----------------------------------------------------------------------------------------------
      undefined - undefined - 9:53:31 PM
      querySrv ECONNREFUSED _mongodb._tcp.cluster0.4ywhd.mongodb.net
-----------------------------------------------------------------------------------------------
 
-----------------------------------------------------------------------------------------------
      undefined - undefined - 9:53:32 PM
      querySrv ECONNREFUSED _mongodb._tcp.cluster0.4ywhd.mongodb.net
-----------------------------------------------------------------------------------------------
 
-----------------------------------------------------------------------------------------------
      undefined - undefined - 9:53:32 PM
      querySrv ECONNREFUSED _mongodb._tcp.cluster0.4ywhd.mongodb.net
-----------------------------------------------------------------------------------------------
 
-----------------------------------------------------------------------------------------------
      undefined - undefined - 9:54:13 PM
      querySrv ECONNREFUSED _mongodb._tcp.cluster0.4ywhd.mongodb.net
-----------------------------------------------------------------------------------------------
 
-----------------------------------------------------------------------------------------------
      undefined - undefined - 9:54:13 PM
      querySrv ECONNREFUSED _mongodb._tcp.cluster0.4ywhd.mongodb.net
-----------------------------------------------------------------------------------------------
 
-----------------------------------------------------------------------------------------------
      undefined - undefined - 9:54:16 PM
      querySrv ECONNREFUSED _mongodb._tcp.cluster0.4ywhd.mongodb.net
-----------------------------------------------------------------------------------------------
 
-----------------------------------------------------------------------------------------------
      undefined - undefined - 9:54:16 PM
      querySrv ECONNREFUSED _mongodb._tcp.cluster0.4ywhd.mongodb.net
-----------------------------------------------------------------------------------------------
 
-----------------------------------------------------------------------------------------------
      undefined - undefined - 9:54:40 PM
      querySrv ECONNREFUSED _mongodb._tcp.cluster0.4ywhd.mongodb.net
-----------------------------------------------------------------------------------------------
 
-----------------------------------------------------------------------------------------------
      undefined - undefined - 9:54:40 PM
      querySrv ECONNREFUSED _mongodb._tcp.cluster0.4ywhd.mongodb.net
-----------------------------------------------------------------------------------------------
 
-----------------------------------------------------------------------------------------------
      undefined - undefined - 9:57:30 PM
      querySrv ECONNREFUSED _mongodb._tcp.cluster0.4ywhd.mongodb.net
-----------------------------------------------------------------------------------------------
 
-----------------------------------------------------------------------------------------------
      undefined - undefined - 9:57:30 PM
      querySrv ECONNREFUSED _mongodb._tcp.cluster0.4ywhd.mongodb.net
-----------------------------------------------------------------------------------------------
 
-----------------------------------------------------------------------------------------------
      undefined - undefined - 9:59:56 PM
      querySrv ECONNREFUSED _mongodb._tcp.cluster0.4ywhd.mongodb.net
-----------------------------------------------------------------------------------------------
 
-----------------------------------------------------------------------------------------------
      undefined - undefined - 9:59:56 PM
      querySrv ECONNREFUSED _mongodb._tcp.cluster0.4ywhd.mongodb.net
-----------------------------------------------------------------------------------------------
 
-----------------------------------------------------------------------------------------------
      undefined - undefined - 10:02:15 PM
      querySrv ECONNREFUSED _mongodb._tcp.cluster0.4ywhd.mongodb.net
-----------------------------------------------------------------------------------------------
 
-----------------------------------------------------------------------------------------------
      undefined - undefined - 10:02:15 PM
      querySrv ECONNREFUSED _mongodb._tcp.cluster0.4ywhd.mongodb.net
-----------------------------------------------------------------------------------------------
 
-----------------------------------------------------------------------------------------------
      undefined - undefined - 10:02:22 PM
      querySrv ECONNREFUSED _mongodb._tcp.cluster0.4ywhd.mongodb.net
-----------------------------------------------------------------------------------------------
 
-----------------------------------------------------------------------------------------------
      undefined - undefined - 10:02:22 PM
      querySrv ECONNREFUSED _mongodb._tcp.cluster0.4ywhd.mongodb.net
-----------------------------------------------------------------------------------------------
 
-----------------------------------------------------------------------------------------------
      undefined - undefined - 10:03:48 PM
      querySrv ECONNREFUSED _mongodb._tcp.cluster0.4ywhd.mongodb.net
-----------------------------------------------------------------------------------------------
 
-----------------------------------------------------------------------------------------------
      undefined - undefined - 10:03:48 PM
      querySrv ECONNREFUSED _mongodb._tcp.cluster0.4ywhd.mongodb.net
-----------------------------------------------------------------------------------------------
 
-----------------------------------------------------------------------------------------------
      undefined - undefined - 10:04:24 PM
      querySrv ECONNREFUSED _mongodb._tcp.cluster0.4ywhd.mongodb.net
-----------------------------------------------------------------------------------------------
 
-----------------------------------------------------------------------------------------------
      undefined - undefined - 10:04:24 PM
      querySrv ECONNREFUSED _mongodb._tcp.cluster0.4ywhd.mongodb.net
-----------------------------------------------------------------------------------------------
 
-----------------------------------------------------------------------------------------------
      undefined - undefined - 10:05:10 PM
      querySrv ECONNREFUSED _mongodb._tcp.cluster0.4ywhd.mongodb.net
-----------------------------------------------------------------------------------------------
 
-----------------------------------------------------------------------------------------------
      undefined - undefined - 10:05:10 PM
      querySrv ECONNREFUSED _mongodb._tcp.cluster0.4ywhd.mongodb.net
-----------------------------------------------------------------------------------------------
 
-----------------------------------------------------------------------------------------------
      undefined - undefined - 10:07:32 PM
      querySrv ECONNREFUSED _mongodb._tcp.cluster0.4ywhd.mongodb.net
-----------------------------------------------------------------------------------------------
 
-----------------------------------------------------------------------------------------------
      undefined - undefined - 10:07:32 PM
      querySrv ECONNREFUSED _mongodb._tcp.cluster0.4ywhd.mongodb.net
-----------------------------------------------------------------------------------------------
 
-----------------------------------------------------------------------------------------------
      undefined - undefined - 10:10:45 PM
      querySrv ECONNREFUSED _mongodb._tcp.cluster0.4ywhd.mongodb.net
-----------------------------------------------------------------------------------------------
 
-----------------------------------------------------------------------------------------------
      undefined - undefined - 10:10:45 PM
      querySrv ECONNREFUSED _mongodb._tcp.cluster0.4ywhd.mongodb.net
-----------------------------------------------------------------------------------------------
 
-----------------------------------------------------------------------------------------------
      undefined - undefined - 10:12:26 PM
      querySrv ECONNREFUSED _mongodb._tcp.cluster0.4ywhd.mongodb.net
-----------------------------------------------------------------------------------------------
 
-----------------------------------------------------------------------------------------------
      undefined - undefined - 10:12:26 PM
      querySrv ECONNREFUSED _mongodb._tcp.cluster0.4ywhd.mongodb.net
-----------------------------------------------------------------------------------------------
 
-----------------------------------------------------------------------------------------------
      undefined - undefined - 10:12:47 PM
      querySrv ECONNREFUSED _mongodb._tcp.cluster0.4ywhd.mongodb.net
-----------------------------------------------------------------------------------------------
 
-----------------------------------------------------------------------------------------------
      undefined - undefined - 10:12:47 PM
      querySrv ECONNREFUSED _mongodb._tcp.cluster0.4ywhd.mongodb.net
-----------------------------------------------------------------------------------------------
 
-----------------------------------------------------------------------------------------------
      undefined - undefined - 10:13:25 PM
      querySrv ECONNREFUSED _mongodb._tcp.cluster0.4ywhd.mongodb.net
-----------------------------------------------------------------------------------------------
 
-----------------------------------------------------------------------------------------------
      undefined - undefined - 10:13:25 PM
      querySrv ECONNREFUSED _mongodb._tcp.cluster0.4ywhd.mongodb.net
-----------------------------------------------------------------------------------------------
 
-----------------------------------------------------------------------------------------------
      undefined - undefined - 10:15:07 PM
      querySrv ECONNREFUSED _mongodb._tcp.cluster0.4ywhd.mongodb.net
-----------------------------------------------------------------------------------------------
 
-----------------------------------------------------------------------------------------------
      undefined - undefined - 10:15:07 PM
      querySrv ECONNREFUSED _mongodb._tcp.cluster0.4ywhd.mongodb.net
-----------------------------------------------------------------------------------------------
 
-----------------------------------------------------------------------------------------------
      undefined - undefined - 10:16:04 PM
      querySrv ECONNREFUSED _mongodb._tcp.cluster0.4ywhd.mongodb.net
-----------------------------------------------------------------------------------------------
 
-----------------------------------------------------------------------------------------------
      undefined - undefined - 10:16:04 PM
      querySrv ECONNREFUSED _mongodb._tcp.cluster0.4ywhd.mongodb.net
-----------------------------------------------------------------------------------------------
 
-----------------------------------------------------------------------------------------------
      undefined - undefined - 10:17:03 PM
      querySrv ECONNREFUSED _mongodb._tcp.cluster0.4ywhd.mongodb.net
-----------------------------------------------------------------------------------------------
 
-----------------------------------------------------------------------------------------------
      undefined - undefined - 10:17:03 PM
      querySrv ECONNREFUSED _mongodb._tcp.cluster0.4ywhd.mongodb.net
-----------------------------------------------------------------------------------------------
 
-----------------------------------------------------------------------------------------------
      undefined - undefined - 10:19:27 PM
      querySrv ECONNREFUSED _mongodb._tcp.cluster0.4ywhd.mongodb.net
-----------------------------------------------------------------------------------------------
 
-----------------------------------------------------------------------------------------------
      undefined - undefined - 10:19:27 PM
      querySrv ECONNREFUSED _mongodb._tcp.cluster0.4ywhd.mongodb.net
-----------------------------------------------------------------------------------------------
 
-----------------------------------------------------------------------------------------------
      undefined - undefined - 10:26:20 PM
      querySrv ECONNREFUSED _mongodb._tcp.cluster0.4ywhd.mongodb.net
-----------------------------------------------------------------------------------------------
 
-----------------------------------------------------------------------------------------------
      undefined - undefined - 10:26:20 PM
      querySrv ECONNREFUSED _mongodb._tcp.cluster0.4ywhd.mongodb.net
-----------------------------------------------------------------------------------------------
 
-----------------------------------------------------------------------------------------------
      undefined - undefined - 10:27:41 PM
      querySrv ECONNREFUSED _mongodb._tcp.cluster0.4ywhd.mongodb.net
-----------------------------------------------------------------------------------------------
 
-----------------------------------------------------------------------------------------------
      undefined - undefined - 10:27:41 PM
      querySrv ECONNREFUSED _mongodb._tcp.cluster0.4ywhd.mongodb.net
-----------------------------------------------------------------------------------------------
 
-----------------------------------------------------------------------------------------------
      undefined - undefined - 10:29:20 PM
      querySrv ECONNREFUSED _mongodb._tcp.cluster0.4ywhd.mongodb.net
-----------------------------------------------------------------------------------------------
 
-----------------------------------------------------------------------------------------------
      undefined - undefined - 10:29:20 PM
      querySrv ECONNREFUSED _mongodb._tcp.cluster0.4ywhd.mongodb.net
-----------------------------------------------------------------------------------------------
 
-----------------------------------------------------------------------------------------------
      undefined - undefined - 10:32:53 PM
      querySrv ECONNREFUSED _mongodb._tcp.cluster0.4ywhd.mongodb.net
-----------------------------------------------------------------------------------------------
 
-----------------------------------------------------------------------------------------------
      undefined - undefined - 10:32:53 PM
      querySrv ECONNREFUSED _mongodb._tcp.cluster0.4ywhd.mongodb.net
-----------------------------------------------------------------------------------------------
 
-----------------------------------------------------------------------------------------------
      undefined - undefined - 10:33:41 PM
      querySrv ECONNREFUSED _mongodb._tcp.cluster0.4ywhd.mongodb.net
-----------------------------------------------------------------------------------------------
 
-----------------------------------------------------------------------------------------------
      undefined - undefined - 10:33:41 PM
      querySrv ECONNREFUSED _mongodb._tcp.cluster0.4ywhd.mongodb.net
-----------------------------------------------------------------------------------------------
 
-----------------------------------------------------------------------------------------------
      undefined - undefined - 10:35:06 PM
      querySrv ECONNREFUSED _mongodb._tcp.cluster0.4ywhd.mongodb.net
-----------------------------------------------------------------------------------------------
 
-----------------------------------------------------------------------------------------------
      undefined - undefined - 10:35:06 PM
      querySrv ECONNREFUSED _mongodb._tcp.cluster0.4ywhd.mongodb.net
-----------------------------------------------------------------------------------------------
 
-----------------------------------------------------------------------------------------------
      undefined - undefined - 10:35:45 PM
      querySrv ECONNREFUSED _mongodb._tcp.cluster0.4ywhd.mongodb.net
-----------------------------------------------------------------------------------------------
 
-----------------------------------------------------------------------------------------------
      undefined - undefined - 10:35:45 PM
      querySrv ECONNREFUSED _mongodb._tcp.cluster0.4ywhd.mongodb.net
-----------------------------------------------------------------------------------------------
 
-----------------------------------------------------------------------------------------------
      undefined - undefined - 10:35:45 PM
      querySrv ECONNREFUSED _mongodb._tcp.cluster0.4ywhd.mongodb.net
-----------------------------------------------------------------------------------------------
 
-----------------------------------------------------------------------------------------------
      undefined - undefined - 10:35:45 PM
      querySrv ECONNREFUSED _mongodb._tcp.cluster0.4ywhd.mongodb.net
-----------------------------------------------------------------------------------------------
 
-----------------------------------------------------------------------------------------------
      undefined - undefined - 10:36:48 PM
      querySrv ECONNREFUSED _mongodb._tcp.cluster0.4ywhd.mongodb.net
-----------------------------------------------------------------------------------------------
 
-----------------------------------------------------------------------------------------------
      undefined - undefined - 10:36:48 PM
      querySrv ECONNREFUSED _mongodb._tcp.cluster0.4ywhd.mongodb.net
-----------------------------------------------------------------------------------------------
 
-----------------------------------------------------------------------------------------------
      undefined - undefined - 10:36:58 PM
      querySrv ECONNREFUSED _mongodb._tcp.cluster0.4ywhd.mongodb.net
-----------------------------------------------------------------------------------------------
 
-----------------------------------------------------------------------------------------------
      undefined - undefined - 10:36:58 PM
      querySrv ECONNREFUSED _mongodb._tcp.cluster0.4ywhd.mongodb.net
-----------------------------------------------------------------------------------------------
 
-----------------------------------------------------------------------------------------------
      undefined - undefined - 10:36:59 PM
      querySrv ECONNREFUSED _mongodb._tcp.cluster0.4ywhd.mongodb.net
-----------------------------------------------------------------------------------------------
 
-----------------------------------------------------------------------------------------------
      undefined - undefined - 10:36:59 PM
      querySrv ECONNREFUSED _mongodb._tcp.cluster0.4ywhd.mongodb.net
-----------------------------------------------------------------------------------------------
 
